#
# There is insufficient memory for the Java Runtime Environment to continue.
# Native memory allocation (mmap) failed to map 132120576 bytes for G1 virtual space
# Possible reasons:
#   The system is out of physical RAM or swap space
#   The process is running with CompressedOops enabled, and the Java Heap may be blocking the growth of the native heap
# Possible solutions:
#   Reduce memory load on the system
#   Increase physical memory or swap space
#   Check if swap backing store is full
#   Decrease Java heap size (-Xmx/-Xms)
#   Decrease number of Java threads
#   Decrease Java thread stack sizes (-Xss)
#   Set larger code cache with -XX:ReservedCodeCacheSize=
#   JVM is running with Unscaled Compressed Oops mode in which the Java heap is
#     placed in the first 4GB address space. The Java Heap base address is the
#     maximum limit for the native heap growth. Please use -XX:HeapBaseMinAddress
#     to set the Java Heap base and to place the Java Heap above 4GB virtual address.
# This output file may be truncated or incomplete.
#
#  Out of Memory Error (os_windows.cpp:3528), pid=10652, tid=22908
#
# JRE version:  (20.0.2+9) (build )
# Java VM: Java HotSpot(TM) 64-Bit Server VM (20.0.2+9-78, mixed mode, sharing, tiered, compressed oops, compressed class ptrs, g1 gc, windows-amd64)
# No core dump will be written. Minidumps are not enabled by default on client versions of Windows
#

---------------  S U M M A R Y ------------

Command Line: Mohit2

Host: Intel(R) Core(TM) i5-10300H CPU @ 2.50GHz, 8 cores, 7G,  Windows 11 , 64 bit Build 22621 (10.0.22621.3235)
Time: Thu Mar 21 19:29:55 2024 India Standard Time elapsed time: 0.013403 seconds (0d 0h 0m 0s)

---------------  T H R E A D  ---------------

Current thread (0x000001b81cc7e330):  JavaThread "Unknown thread" [_thread_in_vm, id=22908, stack(0x0000006ac3f00000,0x0000006ac4000000)]

Stack: [0x0000006ac3f00000,0x0000006ac4000000]
Native frames: (J=compiled Java code, j=interpreted, Vv=VM code, C=native code)
V  [jvm.dll+0x6bc25a]
V  [jvm.dll+0x84971a]
V  [jvm.dll+0x84b315]
V  [jvm.dll+0x84ba13]
V  [jvm.dll+0x280e4f]
V  [jvm.dll+0x6b8fe9]
V  [jvm.dll+0x6adbca]
V  [jvm.dll+0x35b165]
V  [jvm.dll+0x363386]
V  [jvm.dll+0x3b400e]
V  [jvm.dll+0x3b4295]
V  [jvm.dll+0x32b86a]
V  [jvm.dll+0x32c68b]
V  [jvm.dll+0x8123df]
V  [jvm.dll+0x3c1261]
V  [jvm.dll+0x7fe103]
V  [jvm.dll+0x44ccaf]
V  [jvm.dll+0x44e621]
C  [jli.dll+0x5287]
C  [ucrtbase.dll+0x29363]
C  [KERNEL32.DLL+0x1257d]
C  [ntdll.dll+0x5aa58]


---------------  P R O C E S S  ---------------

Threads class SMR info:
_java_thread_list=0x00007ffe33a7b118, length=0, elements={
}

Java Threads: ( => current thread )

Other Threads:
  0x000001b81ccdf660 WorkerThread "GC Thread#0" [stack: 0x0000006ac4000000,0x0000006ac4100000] [id=12420]
  0x000001b81ccf0070 ConcurrentGCThread "G1 Main Marker" [stack: 0x0000006ac4100000,0x0000006ac4200000] [id=9428]
  0x000001b81ccf13e0 WorkerThread "G1 Conc#0" [stack: 0x0000006ac4200000,0x0000006ac4300000] [id=21436]

[error occurred during error reporting (printing all threads), id 0xc0000005, EXCEPTION_ACCESS_VIOLATION (0xc0000005) at pc=0x00007ffe3325eea7]
VM state: not at safepoint (not fully initialized)

VM Mutex/Monitor currently owned by a thread:  ([mutex/lock_event])
[0x000001b81cc78c40] Heap_lock - owner thread: 0x000001b81cc7e330

Heap address: 0x0000000082800000, size: 2008 MB, Compressed Oops mode: 32-bit

CDS archive(s) mapped at: [0x0000000000000000-0x0000000000000000-0x0000000000000000), size 0, SharedBaseAddress: 0x0000000800000000, ArchiveRelocationMode: 1.
Narrow klass base: 0x0000000000000000, Narrow klass shift: 0, Narrow klass range: 0x0

GC Precious Log:
 CardTable entry size: 512
 Card Set container configuration: InlinePtr #cards 5 size 8 Array Of Cards #cards 12 size 40 Howl #buckets 4 coarsen threshold 1843 Howl Bitmap #cards 512 size 80 coarsen threshold 460 Card regions per heap region 1 cards per card region 2048

Heap:
 garbage-first heap   total 0K, used 0K [0x0000000082800000, 0x0000000100000000)
  region size 1024K, 0 young (0K), 0 survivors (0K)

[error occurred during error reporting (printing heap information), id 0xc0000005, EXCEPTION_ACCESS_VIOLATION (0xc0000005) at pc=0x00007ffe336347b9]
GC Heap History (0 events):
No events

Dll operation events (1 events):
Event: 0.008 Loaded shared library C:\Program Files\Java\jdk-20\bin\java.dll

Deoptimization events (0 events):
No events

Classes loaded (0 events):
No events

Classes unloaded (0 events):
No events

Classes redefined (0 events):
No events

Internal exceptions (0 events):
No events

VM Operations (0 events):
No events

Events (0 events):
No events


Dynamic libraries:
0x00007ff6d03d0000 - 0x00007ff6d03e0000 	C:\Program Files\Java\jdk-20\bin\java.exe
0x00007ffed76d0000 - 0x00007ffed78e6000 	C:\WINDOWS\SYSTEM32\ntdll.dll
0x00007ffed5a40000 - 0x00007ffed5b04000 	C:\WINDOWS\System32\KERNEL32.DLL
0x00007ffed4f50000 - 0x00007ffed52f6000 	C:\WINDOWS\System32\KERNELBASE.dll
0x00007ffed4c20000 - 0x00007ffed4d31000 	C:\WINDOWS\System32\ucrtbase.dll
0x00007ffec3e70000 - 0x00007ffec3e89000 	C:\Program Files\Java\jdk-20\bin\jli.dll
0x00007ffec3e50000 - 0x00007ffec3e6b000 	C:\Program Files\Java\jdk-20\bin\VCRUNTIME140.dll
0x00007ffed6870000 - 0x00007ffed6922000 	C:\WINDOWS\System32\ADVAPI32.dll
0x00007ffed63d0000 - 0x00007ffed6477000 	C:\WINDOWS\System32\msvcrt.dll
0x00007ffed5870000 - 0x00007ffed5918000 	C:\WINDOWS\System32\sechost.dll
0x00007ffed4e60000 - 0x00007ffed4e88000 	C:\WINDOWS\System32\bcrypt.dll
0x00007ffed5920000 - 0x00007ffed5a35000 	C:\WINDOWS\System32\RPCRT4.dll
0x00007ffed60d0000 - 0x00007ffed627d000 	C:\WINDOWS\System32\USER32.dll
0x00007ffed4bf0000 - 0x00007ffed4c16000 	C:\WINDOWS\System32\win32u.dll
0x00007ffed6480000 - 0x00007ffed64a9000 	C:\WINDOWS\System32\GDI32.dll
0x00007ffebf720000 - 0x00007ffebf9b3000 	C:\WINDOWS\WinSxS\amd64_microsoft.windows.common-controls_6595b64144ccf1df_6.0.22621.3235_none_270f74e173860f98\COMCTL32.dll
0x00007ffed4d40000 - 0x00007ffed4e58000 	C:\WINDOWS\System32\gdi32full.dll
0x00007ffed5300000 - 0x00007ffed539a000 	C:\WINDOWS\System32\msvcp_win.dll
0x00007ffece0f0000 - 0x00007ffece0fa000 	C:\WINDOWS\SYSTEM32\VERSION.dll
0x00007ffed6650000 - 0x00007ffed6681000 	C:\WINDOWS\System32\IMM32.DLL
0x00007ffec3e40000 - 0x00007ffec3e4c000 	C:\Program Files\Java\jdk-20\bin\vcruntime140_1.dll
0x00007ffec1350000 - 0x00007ffec13de000 	C:\Program Files\Java\jdk-20\bin\msvcp140.dll
0x00007ffe32f20000 - 0x00007ffe33bb8000 	C:\Program Files\Java\jdk-20\bin\server\jvm.dll
0x00007ffeb7180000 - 0x00007ffeb7189000 	C:\WINDOWS\SYSTEM32\WSOCK32.dll
0x00007ffed67f0000 - 0x00007ffed6861000 	C:\WINDOWS\System32\WS2_32.dll
0x00007ffecddb0000 - 0x00007ffecdde4000 	C:\WINDOWS\SYSTEM32\WINMM.dll
0x00007ffed3b40000 - 0x00007ffed3b58000 	C:\WINDOWS\SYSTEM32\kernel.appcore.dll
0x00007ffec3e30000 - 0x00007ffec3e3a000 	C:\Program Files\Java\jdk-20\bin\jimage.dll
0x00007ffed2340000 - 0x00007ffed2573000 	C:\WINDOWS\SYSTEM32\DBGHELP.DLL
0x00007ffed7300000 - 0x00007ffed7688000 	C:\WINDOWS\System32\combase.dll
0x00007ffed7220000 - 0x00007ffed72f7000 	C:\WINDOWS\System32\OLEAUT32.dll
0x00007ffeb93f0000 - 0x00007ffeb9422000 	C:\WINDOWS\SYSTEM32\dbgcore.DLL
0x00007ffed53a0000 - 0x00007ffed541a000 	C:\WINDOWS\System32\bcryptPrimitives.dll
0x00007ffec3a00000 - 0x00007ffec3a26000 	C:\Program Files\Java\jdk-20\bin\java.dll

dbghelp: loaded successfully - version: 4.0.5 - missing functions: none
symbol engine: initialized successfully - sym options: 0x614 - pdb path: .;C:\Program Files\Java\jdk-20\bin;C:\WINDOWS\SYSTEM32;C:\WINDOWS\WinSxS\amd64_microsoft.windows.common-controls_6595b64144ccf1df_6.0.22621.3235_none_270f74e173860f98;C:\Program Files\Java\jdk-20\bin\server

VM Arguments:
java_command: Mohit2
java_class_path (initial): .
Launcher Type: SUN_STANDARD

[Global flags]
     intx CICompilerCount                          = 4                                         {product} {ergonomic}
     uint ConcGCThreads                            = 2                                         {product} {ergonomic}
     uint G1ConcRefinementThreads                  = 8                                         {product} {ergonomic}
   size_t G1HeapRegionSize                         = 1048576                                   {product} {ergonomic}
    uintx GCDrainStackTargetSize                   = 64                                        {product} {ergonomic}
   size_t InitialHeapSize                          = 132120576                                 {product} {ergonomic}
   size_t MarkStackSize                            = 4194304                                   {product} {ergonomic}
   size_t MaxHeapSize                              = 2105540608                                {product} {ergonomic}
   size_t MinHeapDeltaBytes                        = 1048576                                   {product} {ergonomic}
   size_t MinHeapSize                              = 8388608                                   {product} {ergonomic}
    uintx NonNMethodCodeHeapSize                   = 5839372                                {pd product} {ergonomic}
    uintx NonProfiledCodeHeapSize                  = 122909434                              {pd product} {ergonomic}
    uintx ProfiledCodeHeapSize                     = 122909434                              {pd product} {ergonomic}
    uintx ReservedCodeCacheSize                    = 251658240                              {pd product} {ergonomic}
     bool SegmentedCodeCache                       = true                                      {product} {ergonomic}
   size_t SoftMaxHeapSize                          = 2105540608                             {manageable} {ergonomic}
     bool UseCompressedClassPointers               = true                           {product lp64_product} {ergonomic}
     bool UseCompressedOops                        = true                           {product lp64_product} {ergonomic}
     bool UseG1GC                                  = true                                      {product} {ergonomic}
     bool UseLargePagesIndividualAllocation        = false                                  {pd product} {ergonomic}

Logging:
Log output configuration:
 #0: stdout all=warning uptime,level,tags foldmultilines=false
 #1: stderr all=off uptime,level,tags foldmultilines=false

Environment Variables:
PATH=C:\Program Files (x86)\VMware\VMware Player\bin\;C:\Python311\Scripts\;C:\Python311\;C:\Program Files\Common Files\Oracle\Java\javapath;C:\Program Files (x86)\Common Files\Oracle\Java\javapath;C:\Windows\system32;C:\Windows;C:\Windows\System32\Wbem;C:\Windows\System32\WindowsPowerShell\v1.0\;C:\Windows\System32\OpenSSH\;C:\Program Files (x86)\NVIDIA Corporation\PhysX\Common;C:\Program Files\NVIDIA Corporation\NVIDIA NvDLISR;C:\Program Files\Microsoft VS Code\bin;C:\WINDOWS\system32;C:\WINDOWS;C:\WINDOWS\System32\Wbem;C:\WINDOWS\System32\WindowsPowerShell\v1.0\;C:\WINDOWS\System32\OpenSSH\;C:\Program Files\MySQL\MySQL Server 8.0\bin;C:\Program Files\dotnet\;C:\MinGW\bin;C:\ProgramData\chocolatey\bin;C:\Program Files (x86)\nodejs\;C:\Program Files\MySQL\MySQL Shell 8.0\bin\;C:\Users\yadav\AppData\Local\Microsoft\WindowsApps;C:\Users\yadav\.dotnet\tools;C:\Users\yadav\AppData\Roaming\npm;C:\Program Files\JetBrains\IntelliJ IDEA 241.14494.17\bin;;C:\Program Files\JetBrains\IntelliJ IDEA Community Edition 2023.3.5\bin;
USERNAME=yadav
OS=Windows_NT
PROCESSOR_IDENTIFIER=Intel64 Family 6 Model 165 Stepping 2, GenuineIntel
TMP=C:\Users\yadav\AppData\Local\Temp
TEMP=C:\Users\yadav\AppData\Local\Temp




---------------  S Y S T E M  ---------------

OS:
 Windows 11 , 64 bit Build 22621 (10.0.22621.3235)
OS uptime: 1 days 22:32 hours

CPU: total 8 (initial active 8) (4 cores per cpu, 2 threads per core) family 6 model 165 stepping 2 microcode 0xe0, cx8, cmov, fxsr, ht, mmx, 3dnowpref, sse, sse2, sse3, ssse3, sse4.1, sse4.2, popcnt, lzcnt, tsc, tscinvbit, avx, avx2, aes, erms, clmul, bmi1, bmi2, adx, fma, vzeroupper, clflush, clflushopt, rdtscp, f16c, pku

Memory: 4k page, system-wide physical 8029M (345M free)
TotalPageFile size 32605M (AvailPageFile size 47M)
current process WorkingSet (physical memory assigned to process): 11M, peak: 11M
current process commit charge ("private bytes"): 60M, peak: 186M

vm_info: Java HotSpot(TM) 64-Bit Server VM (20.0.2+9-78) for windows-amd64 JRE (20.0.2+9-78), built on 2023-06-14T10:08:48Z by "mach5one" with MS VC++ 17.1 (VS2022)

END.
